<?xml version="1.0" encoding="utf-8"?>
<!DOCTYPE coverage SYSTEM "http://cobertura.sourceforge.net/xml/coverage-04.dtd">
<coverage line-rate="0.7358490566037735" branch-rate="0.5647773279352226" lines-covered="3822" lines-valid="5194" branches-covered="558" branches-valid="988" complexity="1592" version="0" timestamp="1731965788">
  <sources>
    <source>C:\Users\PCS\Documents\repos\CoursePlanner\</source>
    <source>D:\a\CoursePlanner\CoursePlanner\</source>
  </sources>
  <packages>
    <package name="BaseTestSetup" line-rate="0.7904085257548845" branch-rate="0.6739130434782609" complexity="166">
      <classes>
        <class name="BaseTestSetup" filename="C:\Users\PCS\Documents\repos\CoursePlanner\BaseTestSetup\AppDataRecord.cs" line-rate="0.96875" branch-rate="1" complexity="10">
          <methods>
            <method name="get_ProjectName" signature="()" line-rate="1" branch-rate="1" complexity="1">
              <lines>
                <line number="10" hits="804" branch="false" />
              </lines>
            </method>
            <method name="get_Bin" signature="()" line-rate="1" branch-rate="1" complexity="1">
              <lines>
                <line number="11" hits="804" branch="false" />
              </lines>
            </method>
            <method name="get_Deployment" signature="()" line-rate="1" branch-rate="1" complexity="1">
              <lines>
                <line number="12" hits="804" branch="false" />
              </lines>
            </method>
            <method name="get_NetVersion" signature="()" line-rate="1" branch-rate="1" complexity="1">
              <lines>
                <line number="13" hits="804" branch="false" />
              </lines>
            </method>
            <method name="Parse" signature="(System.String)" line-rate="1" branch-rate="1" complexity="2">
              <lines>
                <line number="16" hits="268" branch="false" />
                <line number="17" hits="268" branch="false" />
                <line number="18" hits="268" branch="false" />
                <line number="19" hits="268" branch="false" />
                <line number="20" hits="268" branch="false" />
                <line number="21" hits="268" branch="false" />
                <line number="22" hits="268" branch="false" />
                <line number="23" hits="268" branch="false" />
                <line number="24" hits="268" branch="false" />
                <line number="26" hits="1876" branch="false" />
                <line number="27" hits="2948" branch="true" condition-coverage="100% (2/2)" />
                <line number="28" hits="1072" branch="false" />
                <line number="29" hits="1072" branch="false" />
                <line number="30" hits="1072" branch="false" />
                <line number="32" hits="268" branch="false" />
                <line number="33" hits="268" branch="false" />
              </lines>
            </method>
            <method name="get_PropertyGetters" signature="()" line-rate="1" branch-rate="1" complexity="1">
              <lines>
                <line number="36" hits="268" branch="false" />
                <line number="37" hits="268" branch="false" />
                <line number="38" hits="268" branch="false" />
                <line number="39" hits="2144" branch="false" />
                <line number="40" hits="268" branch="false" />
              </lines>
            </method>
            <method name="Enrich" signature="(Serilog.LoggerConfiguration)" line-rate="1" branch-rate="1" complexity="2">
              <lines>
                <line number="43" hits="268" branch="false" />
                <line number="44" hits="4020" branch="true" condition-coverage="100% (2/2)" />
                <line number="45" hits="1072" branch="false" />
                <line number="46" hits="1072" branch="false" />
                <line number="47" hits="1072" branch="false" />
                <line number="48" hits="268" branch="false" />
              </lines>
            </method>
            <method name=".ctor" signature="(BaseTestSetup.AppDataRecord)" line-rate="0" branch-rate="1" complexity="1">
              <lines>
                <line number="8" hits="0" branch="false" />
              </lines>
            </method>
          </methods>
          <lines>
            <line number="8" hits="0" branch="false" />
            <line number="10" hits="804" branch="false" />
            <line number="11" hits="804" branch="false" />
            <line number="12" hits="804" branch="false" />
            <line number="13" hits="804" branch="false" />
            <line number="16" hits="268" branch="false" />
            <line number="17" hits="268" branch="false" />
            <line number="18" hits="268" branch="false" />
            <line number="19" hits="268" branch="false" />
            <line number="20" hits="268" branch="false" />
            <line number="21" hits="268" branch="false" />
            <line number="22" hits="268" branch="false" />
            <line number="23" hits="268" branch="false" />
            <line number="24" hits="268" branch="false" />
            <line number="26" hits="1876" branch="false" />
            <line number="27" hits="2948" branch="true" condition-coverage="100% (2/2)" />
            <line number="28" hits="1072" branch="false" />
            <line number="29" hits="1072" branch="false" />
            <line number="30" hits="1072" branch="false" />
            <line number="32" hits="268" branch="false" />
            <line number="33" hits="268" branch="false" />
            <line number="36" hits="268" branch="false" />
            <line number="37" hits="268" branch="false" />
            <line number="38" hits="268" branch="false" />
            <line number="39" hits="2144" branch="false" />
            <line number="40" hits="268" branch="false" />
            <line number="43" hits="268" branch="false" />
            <line number="44" hits="4020" branch="true" condition-coverage="100% (2/2)" />
            <line number="45" hits="1072" branch="false" />
            <line number="46" hits="1072" branch="false" />
            <line number="47" hits="1072" branch="false" />
            <line number="48" hits="268" branch="false" />
          </lines>
        </class>
        <class name="BaseTestSetup" filename="C:\Users\PCS\Documents\repos\CoursePlanner\BaseTestSetup\BaseTestConfig.cs" line-rate="0.9285714285714286" branch-rate="0.6" complexity="22">
          <methods>
            <method name="AddLogger" signature="(Microsoft.Extensions.DependencyInjection.IServiceCollection)" line-rate="1" branch-rate="1" complexity="1">
              <lines>
                <line number="24" hits="268" branch="false" />
                <line number="25" hits="268" branch="false" />
                <line number="26" hits="268" branch="false" />
              </lines>
            </method>
            <method name="AddTestDatabase" signature="(Microsoft.Extensions.DependencyInjection.IServiceCollection,System.String)" line-rate="1" branch-rate="1" complexity="2">
              <lines>
                <line number="29" hits="268" branch="false" />
                <line number="30" hits="268" branch="true" condition-coverage="100% (2/2)" />
                <line number="31" hits="492" branch="false" />
                <line number="32" hits="492" branch="false" />
                <line number="33" hits="268" branch="false" />
                <line number="34" hits="268" branch="false" />
                <line number="35" hits="268" branch="false" />
              </lines>
            </method>
            <method name="AddTestServices" signature="(Microsoft.Extensions.DependencyInjection.IServiceCollection)" line-rate="1" branch-rate="1" complexity="1">
              <lines>
                <line number="38" hits="268" branch="false" />
                <line number="39" hits="268" branch="false" />
                <line number="40" hits="268" branch="false" />
              </lines>
            </method>
            <method name="GlobalTearDown" signature="()" line-rate="1" branch-rate="1" complexity="1">
              <lines>
                <line number="43" hits="20" branch="false" />
                <line number="44" hits="20" branch="false" />
                <line number="45" hits="20" branch="false" />
              </lines>
            </method>
            <method name="get_Provider" signature="()" line-rate="1" branch-rate="1" complexity="1">
              <lines>
                <line number="50" hits="2000" branch="false" />
              </lines>
            </method>
            <method name="CreateLogContext" signature="(System.Collections.Generic.Dictionary`2&lt;System.String,System.Object&gt;)" line-rate="1" branch-rate="1" complexity="1">
              <lines>
                <line number="55" hits="286" branch="false" />
                <line number="56" hits="2288" branch="false" />
                <line number="57" hits="286" branch="false" />
                <line number="58" hits="286" branch="false" />
                <line number="60" hits="286" branch="false" />
                <line number="61" hits="286" branch="false" />
              </lines>
            </method>
            <method name="Setup" signature="()" line-rate="1" branch-rate="1" complexity="1">
              <lines>
                <line number="65" hits="268" branch="false" />
                <line number="66" hits="268" branch="false" />
                <line number="67" hits="268" branch="false" />
                <line number="68" hits="268" branch="false" />
              </lines>
            </method>
            <method name="CreateServicesContainer" signature="()" line-rate="1" branch-rate="0.5" complexity="4">
              <lines>
                <line number="71" hits="268" branch="false" />
                <line number="72" hits="268" branch="false" />
                <line number="74" hits="268" branch="false" />
                <line number="75" hits="268" branch="false" />
                <line number="76" hits="214" branch="false" />
                <line number="77" hits="214" branch="false" />
                <line number="78" hits="214" branch="false" />
                <line number="79" hits="2" branch="false" />
                <line number="80" hits="2" branch="false" />
                <line number="81" hits="2" branch="false" />
                <line number="82" hits="2" branch="false" />
                <line number="83" hits="2" branch="false" />
                <line number="84" hits="2" branch="false" />
                <line number="85" hits="214" branch="false" />
                <line number="86" hits="214" branch="false" />
                <line number="87" hits="214" branch="false" />
                <line number="88" hits="214" branch="false" />
                <line number="89" hits="216" branch="false" />
                <line number="90" hits="216" branch="true" condition-coverage="100% (2/2)" />
                <line number="91" hits="216" branch="false" />
                <line number="92" hits="2" branch="true" condition-coverage="100% (2/2)" />
                <line number="93" hits="2" branch="false" />
                <line number="94" hits="2" branch="true" condition-coverage="0% (0/2)" />
                <line number="95" hits="4" branch="false" />
                <line number="96" hits="214" branch="true" condition-coverage="0% (0/2)" />
                <line number="97" hits="216" branch="false" />
                <line number="98" hits="214" branch="false" />
                <line number="99" hits="214" branch="false" />
                <line number="100" hits="216" branch="false" />
                <line number="101" hits="216" branch="false" />
                <line number="102" hits="214" branch="false" />
                <line number="103" hits="214" branch="false" />
                <line number="104" hits="214" branch="false" />
                <line number="105" hits="268" branch="false" />
                <line number="106" hits="268" branch="false" />
                <line number="107" hits="268" branch="false" />
                <line number="108" hits="268" branch="false" />
                <line number="109" hits="268" branch="false" />
                <line number="110" hits="268" branch="false" />
                <line number="111" hits="268" branch="false" />
                <line number="112" hits="268" branch="false" />
                <line number="113" hits="268" branch="false" />
              </lines>
            </method>
            <method name="CreateProvider" signature="()" line-rate="1" branch-rate="1" complexity="1">
              <lines>
                <line number="117" hits="78" branch="false" />
                <line number="118" hits="78" branch="false" />
                <line number="119" hits="78" branch="false" />
              </lines>
            </method>
            <method name="TearDown" signature="()" line-rate="1" branch-rate="1" complexity="1">
              <lines>
                <line number="122" hits="268" branch="false" />
                <line number="123" hits="268" branch="false" />
                <line number="124" hits="268" branch="false" />
              </lines>
            </method>
            <method name="ResolveResiliencePipeline" signature="(System.String)" line-rate="1" branch-rate="1" complexity="1">
              <lines>
                <line number="127" hits="214" branch="false" />
              </lines>
            </method>
            <method name="Resolve" signature="()" line-rate="1" branch-rate="1" complexity="1">
              <lines>
                <line number="129" hits="586" branch="false" />
              </lines>
            </method>
            <method name="GetDb" signature="()" line-rate="1" branch-rate="1" complexity="1">
              <lines>
                <line number="131" hits="244" branch="false" />
              </lines>
            </method>
            <method name="CreateProvider" signature="()" line-rate="0.6666666666666666" branch-rate="1" complexity="1">
              <lines>
                <line number="121" hits="0" branch="false" />
                <line number="122" hits="268" branch="false" />
                <line number="123" hits="268" branch="false" />
              </lines>
            </method>
            <method name="TearDown" signature="()" line-rate="0.3333333333333333" branch-rate="1" complexity="1">
              <lines>
                <line number="126" hits="0" branch="false" />
                <line number="127" hits="214" branch="false" />
                <line number="128" hits="0" branch="false" />
              </lines>
            </method>
            <method name="ResolveResiliencePipeline" signature="(System.String)" line-rate="1" branch-rate="1" complexity="1">
              <lines>
                <line number="131" hits="244" branch="false" />
              </lines>
            </method>
            <method name="Resolve" signature="()" line-rate="1" branch-rate="1" complexity="1">
              <lines />
            </method>
            <method name="GetDb" signature="()" line-rate="1" branch-rate="1" complexity="1">
              <lines />
            </method>
          </methods>
          <lines>
            <line number="24" hits="268" branch="false" />
            <line number="25" hits="268" branch="false" />
            <line number="26" hits="268" branch="false" />
            <line number="29" hits="268" branch="false" />
            <line number="30" hits="268" branch="true" condition-coverage="100% (2/2)" />
            <line number="31" hits="492" branch="false" />
            <line number="32" hits="492" branch="false" />
            <line number="33" hits="268" branch="false" />
            <line number="34" hits="268" branch="false" />
            <line number="35" hits="268" branch="false" />
            <line number="38" hits="268" branch="false" />
            <line number="39" hits="268" branch="false" />
            <line number="40" hits="268" branch="false" />
            <line number="43" hits="20" branch="false" />
            <line number="44" hits="20" branch="false" />
            <line number="45" hits="20" branch="false" />
            <line number="50" hits="2000" branch="false" />
            <line number="55" hits="286" branch="false" />
            <line number="56" hits="2288" branch="false" />
            <line number="57" hits="286" branch="false" />
            <line number="58" hits="286" branch="false" />
            <line number="60" hits="286" branch="false" />
            <line number="61" hits="286" branch="false" />
            <line number="65" hits="268" branch="false" />
            <line number="66" hits="268" branch="false" />
            <line number="67" hits="268" branch="false" />
            <line number="68" hits="268" branch="false" />
            <line number="71" hits="268" branch="false" />
            <line number="72" hits="268" branch="false" />
            <line number="74" hits="268" branch="false" />
            <line number="75" hits="268" branch="false" />
            <line number="76" hits="214" branch="false" />
            <line number="77" hits="214" branch="false" />
            <line number="78" hits="214" branch="false" />
            <line number="79" hits="2" branch="false" />
            <line number="80" hits="2" branch="false" />
            <line number="81" hits="2" branch="false" />
            <line number="82" hits="2" branch="false" />
            <line number="83" hits="2" branch="false" />
            <line number="84" hits="2" branch="false" />
            <line number="85" hits="214" branch="false" />
            <line number="86" hits="214" branch="false" />
            <line number="87" hits="214" branch="false" />
            <line number="88" hits="214" branch="false" />
            <line number="89" hits="216" branch="false" />
            <line number="90" hits="216" branch="true" condition-coverage="100% (2/2)" />
            <line number="91" hits="216" branch="false" />
            <line number="92" hits="2" branch="true" condition-coverage="100% (2/2)" />
            <line number="93" hits="2" branch="false" />
            <line number="94" hits="2" branch="true" condition-coverage="0% (0/2)" />
            <line number="95" hits="4" branch="false" />
            <line number="96" hits="214" branch="true" condition-coverage="0% (0/2)" />
            <line number="97" hits="216" branch="false" />
            <line number="98" hits="214" branch="false" />
            <line number="99" hits="214" branch="false" />
            <line number="100" hits="216" branch="false" />
            <line number="101" hits="216" branch="false" />
            <line number="102" hits="214" branch="false" />
            <line number="103" hits="214" branch="false" />
            <line number="104" hits="214" branch="false" />
            <line number="105" hits="268" branch="false" />
            <line number="106" hits="268" branch="false" />
            <line number="107" hits="268" branch="false" />
            <line number="108" hits="268" branch="false" />
            <line number="109" hits="268" branch="false" />
            <line number="110" hits="268" branch="false" />
            <line number="111" hits="268" branch="false" />
            <line number="112" hits="268" branch="false" />
            <line number="113" hits="268" branch="false" />
            <line number="114" hits="0" branch="false" />
            <line number="115" hits="0" branch="false" />
            <line number="116" hits="0" branch="false" />
            <line number="117" hits="78" branch="false" />
            <line number="118" hits="78" branch="false" />
            <line number="119" hits="78" branch="false" />
            <line number="121" hits="0" branch="false" />
            <line number="122" hits="268" branch="false" />
            <line number="123" hits="268" branch="false" />
            <line number="124" hits="268" branch="false" />
            <line number="126" hits="0" branch="false" />
            <line number="127" hits="214" branch="false" />
            <line number="128" hits="0" branch="false" />
            <line number="129" hits="586" branch="false" />
            <line number="131" hits="244" branch="false" />
          </lines>
        </class>
        <class name="BaseTestSetup" filename="C:\Users\PCS\Documents\repos\CoursePlanner\BaseTestSetup\Lib\FixtureExtensions.cs" line-rate="0.8" branch-rate="1" complexity="2">
          <methods>
            <method name="FreezeMock" signature="(AutoFixture.IFixture)" line-rate="1" branch-rate="1" complexity="1">
              <lines>
                <line number="9" hits="288" branch="false" />
                <line number="10" hits="288" branch="false" />
                <line number="11" hits="288" branch="false" />
                <line number="12" hits="288" branch="false" />
              </lines>
            </method>
            <method name="CreateMock" signature="(AutoFixture.IFixture)" line-rate="0" branch-rate="1" complexity="1">
              <lines>
                <line number="14" hits="0" branch="false" />
              </lines>
            </method>
          </methods>
          <lines>
            <line number="9" hits="288" branch="false" />
            <line number="10" hits="288" branch="false" />
            <line number="11" hits="288" branch="false" />
            <line number="12" hits="288" branch="false" />
            <line number="14" hits="0" branch="false" />
          </lines>
        </class>
        <class name="BaseTestSetup" filename="C:\Users\PCS\Documents\repos\CoursePlanner\BaseTestSetup\Lib\MockExtensions.cs" line-rate="0.26666666666666666" branch-rate="0.4" complexity="16">
          <methods>
            <method name="GetExpressionConst" signature="(System.Linq.Expressions.Expression`1&lt;System.Func`2&lt;T,System.String&gt;&gt;)" line-rate="0" branch-rate="1" complexity="1">
              <lines>
                <line number="13" hits="0" branch="false" />
                <line number="14" hits="0" branch="false" />
                <line number="16" hits="0" branch="false" />
                <line number="17" hits="0" branch="false" />
                <line number="18" hits="0" branch="false" />
              </lines>
            </method>
            <method name="ShouldCall" signature="(Moq.Mock`1&lt;T&gt;,System.Linq.Expressions.Expression`1&lt;System.Func`2&lt;T,System.String&gt;&gt;)" line-rate="0" branch-rate="1" complexity="1">
              <lines>
                <line number="24" hits="0" branch="false" />
                <line number="25" hits="0" branch="false" />
                <line number="26" hits="0" branch="false" />
                <line number="27" hits="0" branch="false" />
              </lines>
            </method>
            <method name="ShouldCall" signature="(Moq.Mock`1&lt;T&gt;,System.Linq.Expressions.Expression`1&lt;System.Func`2&lt;T,System.String&gt;&gt;,System.Int32)" line-rate="1" branch-rate="1" complexity="1">
              <lines>
                <line number="34" hits="2" branch="false" />
                <line number="35" hits="2" branch="false" />
                <line number="37" hits="2" branch="false" />
                <line number="39" hits="4" branch="false" />
                <line number="40" hits="2" branch="false" />
              </lines>
            </method>
            <method name="ShouldNotCall" signature="(Moq.Mock`1&lt;T&gt;,System.String)" line-rate="0" branch-rate="1" complexity="1">
              <lines>
                <line number="46" hits="0" branch="false" />
                <line number="47" hits="0" branch="false" />
                <line number="48" hits="0" branch="false" />
              </lines>
            </method>
            <method name="ShouldCall" signature="(Moq.Mock`1&lt;T&gt;)" line-rate="1" branch-rate="0.6666666666666666" complexity="6">
              <lines>
                <line number="52" hits="12" branch="false" />
                <line number="53" hits="12" branch="false" />
                <line number="54" hits="24" branch="true" condition-coverage="67% (4/6)" />
                <line number="55" hits="24" branch="false" />
                <line number="56" hits="12" branch="false" />
                <line number="58" hits="12" branch="false" />
                <line number="59" hits="12" branch="false" />
              </lines>
            </method>
            <method name="SetupDefaultArgs" signature="(Moq.Mock`1&lt;T&gt;,System.Linq.Expressions.Expression`1&lt;System.Func`2&lt;T,System.String&gt;&gt;)" line-rate="0" branch-rate="1" complexity="1">
              <lines>
                <line number="66" hits="0" branch="false" />
                <line number="67" hits="0" branch="false" />
                <line number="68" hits="0" branch="false" />
              </lines>
            </method>
            <method name="SetupDefaultArgs" signature="(Moq.Mock`1&lt;T&gt;,System.String)" line-rate="0" branch-rate="0" complexity="4">
              <lines>
                <line number="73" hits="0" branch="false" />
                <line number="74" hits="0" branch="false" />
                <line number="75" hits="0" branch="true" condition-coverage="0% (0/2)" />
                <line number="76" hits="0" branch="false" />
                <line number="78" hits="0" branch="false" />
                <line number="79" hits="0" branch="true" condition-coverage="0% (0/2)" />
                <line number="80" hits="0" branch="false" />
                <line number="81" hits="0" branch="false" />
                <line number="82" hits="0" branch="false" />
                <line number="83" hits="0" branch="false" />
                <line number="84" hits="0" branch="false" />
                <line number="87" hits="0" branch="false" />
                <line number="88" hits="0" branch="false" />
                <line number="89" hits="0" branch="false" />
                <line number="90" hits="0" branch="false" />
                <line number="91" hits="0" branch="false" />
                <line number="92" hits="0" branch="false" />
                <line number="93" hits="0" branch="false" />
              </lines>
            </method>
            <method name="GenerateItIsAny" signature="()" line-rate="0" branch-rate="1" complexity="1">
              <lines>
                <line number="87" hits="0" branch="false" />
                <line number="88" hits="0" branch="false" />
                <line number="89" hits="0" branch="false" />
                <line number="90" hits="0" branch="false" />
                <line number="91" hits="0" branch="false" />
                <line number="92" hits="0" branch="false" />
              </lines>
            </method>
          </methods>
          <lines>
            <line number="13" hits="0" branch="false" />
            <line number="14" hits="0" branch="false" />
            <line number="16" hits="0" branch="false" />
            <line number="17" hits="0" branch="false" />
            <line number="18" hits="0" branch="false" />
            <line number="24" hits="0" branch="false" />
            <line number="25" hits="0" branch="false" />
            <line number="26" hits="0" branch="false" />
            <line number="27" hits="0" branch="false" />
            <line number="34" hits="2" branch="false" />
            <line number="35" hits="2" branch="false" />
            <line number="37" hits="2" branch="false" />
            <line number="39" hits="4" branch="false" />
            <line number="40" hits="2" branch="false" />
            <line number="46" hits="0" branch="false" />
            <line number="47" hits="0" branch="false" />
            <line number="48" hits="0" branch="false" />
            <line number="52" hits="12" branch="false" />
            <line number="53" hits="12" branch="false" />
            <line number="54" hits="24" branch="true" condition-coverage="67% (4/6)" />
            <line number="55" hits="24" branch="false" />
            <line number="56" hits="12" branch="false" />
            <line number="58" hits="12" branch="false" />
            <line number="59" hits="12" branch="false" />
            <line number="66" hits="0" branch="false" />
            <line number="67" hits="0" branch="false" />
            <line number="68" hits="0" branch="false" />
            <line number="73" hits="0" branch="false" />
            <line number="74" hits="0" branch="false" />
            <line number="75" hits="0" branch="true" condition-coverage="0% (0/2)" />
            <line number="76" hits="0" branch="false" />
            <line number="78" hits="0" branch="false" />
            <line number="79" hits="0" branch="true" condition-coverage="0% (0/2)" />
            <line number="80" hits="0" branch="false" />
            <line number="81" hits="0" branch="false" />
            <line number="82" hits="0" branch="false" />
            <line number="83" hits="0" branch="false" />
            <line number="84" hits="0" branch="false" />
            <line number="87" hits="0" branch="false" />
            <line number="88" hits="0" branch="false" />
            <line number="89" hits="0" branch="false" />
            <line number="90" hits="0" branch="false" />
            <line number="91" hits="0" branch="false" />
            <line number="92" hits="0" branch="false" />
            <line number="93" hits="0" branch="false" />
          </lines>
        </class>
        <class name="BaseTestSetup" filename="C:\Users\PCS\Documents\repos\CoursePlanner\BaseTestSetup\LogConfigurationTestUseCase.cs" line-rate="0.8373983739837398" branch-rate="0.7222222222222222" complexity="39">
          <methods>
            <method name="get_Configuration" signature="()" line-rate="1" branch-rate="1" complexity="1">
              <lines>
                <line number="13" hits="2196" branch="false" />
              </lines>
            </method>
            <method name="get_Base" signature="()" line-rate="1" branch-rate="1" complexity="1">
              <lines>
                <line number="15" hits="536" branch="false" />
              </lines>
            </method>
            <method name="SetMinimumLogLevel" signature="()" line-rate="1" branch-rate="1" complexity="1">
              <lines>
                <line number="24" hits="268" branch="false" />
                <line number="25" hits="268" branch="false" />
                <line number="26" hits="268" branch="false" />
              </lines>
            </method>
            <method name="AddSinks" signature="()" line-rate="1" branch-rate="0.5" complexity="2">
              <lines>
                <line number="29" hits="268" branch="false" />
                <line number="30" hits="268" branch="true" condition-coverage="50% (1/2)" />
                <line number="31" hits="216" branch="false" />
                <line number="32" hits="216" branch="false" />
                <line number="33" hits="216" branch="false" />
                <line number="34" hits="216" branch="false" />
                <line number="40" hits="52" branch="false" />
                <line number="41" hits="52" branch="false" />
                <line number="43" hits="52" branch="false" />
                <line number="44" hits="52" branch="false" />
                <line number="45" hits="268" branch="false" />
              </lines>
            </method>
            <method name="AddEnrichments" signature="()" line-rate="1" branch-rate="1" complexity="1">
              <lines>
                <line number="62" hits="268" branch="false" />
                <line number="63" hits="268" branch="false" />
                <line number="64" hits="268" branch="false" />
                <line number="65" hits="268" branch="false" />
                <line number="66" hits="268" branch="false" />
                <line number="67" hits="268" branch="false" />
              </lines>
            </method>
            <method name="AddLogFilters" signature="()" line-rate="1" branch-rate="1" complexity="2">
              <lines>
                <line number="70" hits="268" branch="false" />
                <line number="71" hits="268" branch="false" />
                <line number="73" hits="268" branch="false" />
                <line number="74" hits="268" branch="false" />
                <line number="75" hits="268" branch="false" />
                <line number="76" hits="25784" branch="false" />
                <line number="77" hits="25784" branch="false" />
                <line number="78" hits="25784" branch="false" />
                <line number="79" hits="268" branch="false" />
                <line number="80" hits="268" branch="false" />
                <line number="81" hits="268" branch="false" />
                <line number="82" hits="268" branch="false" />
                <line number="83" hits="556740" branch="false" />
                <line number="84" hits="406196" branch="false" />
                <line number="85" hits="406196" branch="false" />
                <line number="86" hits="406196" branch="false" />
                <line number="87" hits="406196" branch="false" />
                <line number="88" hits="268" branch="false" />
                <line number="89" hits="268" branch="false" />
                <line number="90" hits="268" branch="false" />
                <line number="91" hits="268" branch="false" />
                <line number="92" hits="557126" branch="true" condition-coverage="100% (2/2)" />
                <line number="93" hits="268" branch="false" />
                <line number="94" hits="268" branch="false" />
                <line number="95" hits="268" branch="false" />
                <line number="96" hits="268" branch="false" />
              </lines>
            </method>
            <method name="AddSeq" signature="()" line-rate="0.7272727272727273" branch-rate="0.5" complexity="4">
              <lines>
                <line number="99" hits="52" branch="false" />
                <line number="100" hits="52" branch="false" />
                <line number="103" hits="52" branch="false" />
                <line number="106" hits="52" branch="false" />
                <line number="107" hits="52" branch="true" condition-coverage="50% (2/4)" />
                <line number="108" hits="0" branch="false" />
                <line number="109" hits="0" branch="false" />
                <line number="110" hits="0" branch="false" />
                <line number="113" hits="52" branch="false" />
                <line number="114" hits="52" branch="false" />
                <line number="115" hits="52" branch="false" />
              </lines>
            </method>
            <method name=".ctor" signature="()" line-rate="1" branch-rate="1" complexity="1">
              <lines>
                <line number="17" hits="268" branch="false" />
                <line number="18" hits="268" branch="false" />
                <line number="19" hits="268" branch="false" />
                <line number="20" hits="268" branch="false" />
              </lines>
            </method>
            <method name=".cctor" signature="()" line-rate="1" branch-rate="1" complexity="1">
              <lines>
                <line number="47" hits="8" branch="false" />
                <line number="48" hits="8" branch="false" />
                <line number="49" hits="8" branch="false" />
                <line number="50" hits="8" branch="false" />
                <line number="51" hits="8" branch="false" />
                <line number="52" hits="8" branch="false" />
                <line number="53" hits="8" branch="false" />
                <line number="54" hits="8" branch="false" />
                <line number="55" hits="8" branch="false" />
                <line number="56" hits="8" branch="false" />
                <line number="57" hits="8" branch="false" />
                <line number="58" hits="8" branch="false" />
                <line number="59" hits="8" branch="false" />
              </lines>
            </method>
            <method name="get_StringExclusionFilters" signature="()" line-rate="1" branch-rate="1" complexity="1">
              <lines>
                <line number="120" hits="26320" branch="false" />
              </lines>
            </method>
            <method name="get_LogExclusionFilters" signature="()" line-rate="1" branch-rate="1" complexity="1">
              <lines>
                <line number="121" hits="557276" branch="false" />
              </lines>
            </method>
            <method name="get_InclusionFilters" signature="()" line-rate="1" branch-rate="1" complexity="1">
              <lines>
                <line number="122" hits="557662" branch="false" />
              </lines>
            </method>
            <method name="AddStringFilter" signature="(System.Func`2&lt;System.String,System.Boolean&gt;)" line-rate="0" branch-rate="1" complexity="1">
              <lines>
                <line number="125" hits="0" branch="false" />
                <line number="126" hits="0" branch="false" />
                <line number="127" hits="0" branch="false" />
                <line number="128" hits="0" branch="false" />
              </lines>
            </method>
            <method name="AddStringFilter" signature="(System.Collections.Generic.IEnumerable`1&lt;System.Func`2&lt;System.String,System.Boolean&gt;&gt;)" line-rate="1" branch-rate="1" complexity="1">
              <lines>
                <line number="131" hits="268" branch="false" />
                <line number="132" hits="268" branch="false" />
                <line number="133" hits="268" branch="false" />
                <line number="134" hits="268" branch="false" />
              </lines>
            </method>
            <method name="AddLogFilter" signature="(System.Func`2&lt;Serilog.Events.LogEvent,System.Boolean&gt;)" line-rate="0" branch-rate="1" complexity="1">
              <lines>
                <line number="137" hits="0" branch="false" />
                <line number="138" hits="0" branch="false" />
                <line number="139" hits="0" branch="false" />
                <line number="140" hits="0" branch="false" />
              </lines>
            </method>
            <method name="AddLogFilter" signature="(System.Collections.Generic.IEnumerable`1&lt;System.Func`2&lt;Serilog.Events.LogEvent,System.Boolean&gt;&gt;)" line-rate="1" branch-rate="1" complexity="1">
              <lines>
                <line number="143" hits="268" branch="false" />
                <line number="144" hits="268" branch="false" />
                <line number="145" hits="268" branch="false" />
                <line number="146" hits="268" branch="false" />
              </lines>
            </method>
            <method name="AddInclusionFilter" signature="(System.Collections.Generic.IEnumerable`1&lt;System.Func`2&lt;Serilog.Events.LogEvent,System.Boolean&gt;&gt;)" line-rate="1" branch-rate="1" complexity="1">
              <lines>
                <line number="149" hits="268" branch="false" />
                <line number="150" hits="268" branch="false" />
                <line number="151" hits="268" branch="false" />
                <line number="152" hits="268" branch="false" />
              </lines>
            </method>
            <method name="FilterByExcluding" signature="(Serilog.Events.LogEvent)" line-rate="1" branch-rate="1" complexity="4">
              <lines>
                <line number="155" hits="557126" branch="false" />
                <line number="156" hits="1114252" branch="true" condition-coverage="100% (2/2)" />
                <line number="157" hits="386" branch="false" />
                <line number="158" hits="386" branch="false" />
                <line number="161" hits="1925872" branch="true" condition-coverage="100% (2/2)" />
                <line number="162" hits="530956" branch="false" />
                <line number="163" hits="530956" branch="false" />
                <line number="166" hits="25784" branch="false" />
                <line number="167" hits="103136" branch="false" />
                <line number="168" hits="557126" branch="false" />
              </lines>
            </method>
            <method name="HasSourceContext" signature="(Serilog.Events.LogEvent,System.String)" line-rate="1" branch-rate="1" complexity="2">
              <lines>
                <line number="176" hits="1369132" branch="false" />
                <line number="177" hits="1369132" branch="true" condition-coverage="100% (2/2)" />
                <line number="178" hits="1369132" branch="false" />
              </lines>
            </method>
            <method name="HasSourceContextClass" signature="(Serilog.Events.LogEvent,System.String)" line-rate="0" branch-rate="1" complexity="1">
              <lines>
                <line number="181" hits="0" branch="false" />
                <line number="182" hits="0" branch="false" />
                <line number="183" hits="0" branch="false" />
              </lines>
            </method>
            <method name="GetSourceContextClass" signature="(Serilog.Events.LogEvent)" line-rate="0" branch-rate="0" complexity="2">
              <lines>
                <line number="186" hits="0" branch="false" />
                <line number="187" hits="0" branch="true" condition-coverage="0% (0/2)" />
                <line number="188" hits="0" branch="false" />
                <line number="189" hits="0" branch="false" />
                <line number="190" hits="0" branch="false" />
                <line number="191" hits="0" branch="false" />
              </lines>
            </method>
            <method name="SourceContextContains" signature="(Serilog.Events.LogEvent,System.String)" line-rate="1" branch-rate="1" complexity="2">
              <lines>
                <line number="194" hits="56918" branch="false" />
                <line number="195" hits="56918" branch="true" condition-coverage="100% (2/2)" />
              </lines>
            </method>
            <method name="GetSourceContextString" signature="(Serilog.Events.LogEvent)" line-rate="1" branch-rate="1" complexity="6">
              <lines />
            </method>
          </methods>
          <lines>
            <line number="13" hits="2196" branch="false" />
            <line number="15" hits="536" branch="false" />
            <line number="17" hits="268" branch="false" />
            <line number="18" hits="268" branch="false" />
            <line number="19" hits="268" branch="false" />
            <line number="20" hits="268" branch="false" />
            <line number="24" hits="268" branch="false" />
            <line number="25" hits="268" branch="false" />
            <line number="26" hits="268" branch="false" />
            <line number="29" hits="268" branch="false" />
            <line number="30" hits="268" branch="true" condition-coverage="50% (1/2)" />
            <line number="31" hits="216" branch="false" />
            <line number="32" hits="216" branch="false" />
            <line number="33" hits="216" branch="false" />
            <line number="34" hits="216" branch="false" />
            <line number="40" hits="52" branch="false" />
            <line number="41" hits="52" branch="false" />
            <line number="43" hits="52" branch="false" />
            <line number="44" hits="52" branch="false" />
            <line number="45" hits="268" branch="false" />
            <line number="47" hits="8" branch="false" />
            <line number="48" hits="8" branch="false" />
            <line number="49" hits="8" branch="false" />
            <line number="50" hits="8" branch="false" />
            <line number="51" hits="8" branch="false" />
            <line number="52" hits="8" branch="false" />
            <line number="53" hits="8" branch="false" />
            <line number="54" hits="8" branch="false" />
            <line number="55" hits="8" branch="false" />
            <line number="56" hits="8" branch="false" />
            <line number="57" hits="8" branch="false" />
            <line number="58" hits="8" branch="false" />
            <line number="59" hits="8" branch="false" />
            <line number="62" hits="268" branch="false" />
            <line number="63" hits="268" branch="false" />
            <line number="64" hits="268" branch="false" />
            <line number="65" hits="268" branch="false" />
            <line number="66" hits="268" branch="false" />
            <line number="67" hits="268" branch="false" />
            <line number="70" hits="268" branch="false" />
            <line number="71" hits="268" branch="false" />
            <line number="73" hits="268" branch="false" />
            <line number="74" hits="268" branch="false" />
            <line number="75" hits="268" branch="false" />
            <line number="76" hits="25784" branch="false" />
            <line number="77" hits="25784" branch="false" />
            <line number="78" hits="25784" branch="false" />
            <line number="79" hits="268" branch="false" />
            <line number="80" hits="268" branch="false" />
            <line number="81" hits="268" branch="false" />
            <line number="82" hits="268" branch="false" />
            <line number="83" hits="556740" branch="false" />
            <line number="84" hits="406196" branch="false" />
            <line number="85" hits="406196" branch="false" />
            <line number="86" hits="406196" branch="false" />
            <line number="87" hits="406196" branch="false" />
            <line number="88" hits="268" branch="false" />
            <line number="89" hits="268" branch="false" />
            <line number="90" hits="268" branch="false" />
            <line number="91" hits="268" branch="false" />
            <line number="92" hits="557126" branch="true" condition-coverage="100% (2/2)" />
            <line number="93" hits="268" branch="false" />
            <line number="94" hits="268" branch="false" />
            <line number="95" hits="268" branch="false" />
            <line number="96" hits="268" branch="false" />
            <line number="99" hits="52" branch="false" />
            <line number="100" hits="52" branch="false" />
            <line number="103" hits="52" branch="false" />
            <line number="106" hits="52" branch="false" />
            <line number="107" hits="52" branch="true" condition-coverage="50% (2/4)" />
            <line number="108" hits="0" branch="false" />
            <line number="109" hits="0" branch="false" />
            <line number="110" hits="0" branch="false" />
            <line number="113" hits="52" branch="false" />
            <line number="114" hits="52" branch="false" />
            <line number="115" hits="52" branch="false" />
            <line number="120" hits="26320" branch="false" />
            <line number="121" hits="557276" branch="false" />
            <line number="122" hits="557662" branch="false" />
            <line number="125" hits="0" branch="false" />
            <line number="126" hits="0" branch="false" />
            <line number="127" hits="0" branch="false" />
            <line number="128" hits="0" branch="false" />
            <line number="131" hits="268" branch="false" />
            <line number="132" hits="268" branch="false" />
            <line number="133" hits="268" branch="false" />
            <line number="134" hits="268" branch="false" />
            <line number="137" hits="0" branch="false" />
            <line number="138" hits="0" branch="false" />
            <line number="139" hits="0" branch="false" />
            <line number="140" hits="0" branch="false" />
            <line number="143" hits="268" branch="false" />
            <line number="144" hits="268" branch="false" />
            <line number="145" hits="268" branch="false" />
            <line number="146" hits="268" branch="false" />
            <line number="149" hits="268" branch="false" />
            <line number="150" hits="268" branch="false" />
            <line number="151" hits="268" branch="false" />
            <line number="152" hits="268" branch="false" />
            <line number="155" hits="557126" branch="false" />
            <line number="156" hits="1114252" branch="true" condition-coverage="100% (2/2)" />
            <line number="157" hits="386" branch="false" />
            <line number="158" hits="386" branch="false" />
            <line number="161" hits="1925872" branch="true" condition-coverage="100% (2/2)" />
            <line number="162" hits="530956" branch="false" />
            <line number="163" hits="530956" branch="false" />
            <line number="166" hits="25784" branch="false" />
            <line number="167" hits="103136" branch="false" />
            <line number="168" hits="557126" branch="false" />
            <line number="176" hits="1369132" branch="false" />
            <line number="177" hits="1369132" branch="true" condition-coverage="100% (2/2)" />
            <line number="178" hits="1369132" branch="false" />
            <line number="181" hits="0" branch="false" />
            <line number="182" hits="0" branch="false" />
            <line number="183" hits="0" branch="false" />
            <line number="186" hits="0" branch="false" />
            <line number="187" hits="0" branch="true" condition-coverage="0% (0/2)" />
            <line number="188" hits="0" branch="false" />
            <line number="189" hits="0" branch="false" />
            <line number="190" hits="0" branch="false" />
            <line number="191" hits="0" branch="false" />
            <line number="194" hits="56918" branch="false" />
            <line number="195" hits="56918" branch="true" condition-coverage="100% (2/2)" />
          </lines>
        </class>
        <class name="BaseTestSetup.AppDataRecord" filename="C:\Users\PCS\Documents\repos\CoursePlanner\BaseTestSetup\AppDataRecord.cs" line-rate="0.96875" branch-rate="1" complexity="10">
          <methods>
            <method name="get_ProjectName" signature="()" line-rate="1" branch-rate="1" complexity="1">
              <lines>
                <line number="10" hits="804" branch="false" />
              </lines>
            </method>
            <method name="get_Bin" signature="()" line-rate="1" branch-rate="1" complexity="1">
              <lines>
                <line number="11" hits="804" branch="false" />
              </lines>
            </method>
            <method name="get_Deployment" signature="()" line-rate="1" branch-rate="1" complexity="1">
              <lines>
                <line number="12" hits="804" branch="false" />
              </lines>
            </method>
            <method name="get_NetVersion" signature="()" line-rate="1" branch-rate="1" complexity="1">
              <lines>
                <line number="13" hits="804" branch="false" />
              </lines>
            </method>
            <method name="Parse" signature="(System.String)" line-rate="1" branch-rate="1" complexity="2">
              <lines>
                <line number="16" hits="268" branch="false" />
                <line number="17" hits="268" branch="false" />
                <line number="18" hits="268" branch="false" />
                <line number="19" hits="268" branch="false" />
                <line number="20" hits="268" branch="false" />
                <line number="21" hits="268" branch="false" />
                <line number="22" hits="268" branch="false" />
                <line number="23" hits="268" branch="false" />
                <line number="24" hits="268" branch="false" />
                <line number="26" hits="1876" branch="false" />
                <line number="27" hits="2948" branch="true" condition-coverage="100% (2/2)" />
                <line number="28" hits="1072" branch="false" />
                <line number="29" hits="1072" branch="false" />
                <line number="30" hits="1072" branch="false" />
                <line number="32" hits="268" branch="false" />
                <line number="33" hits="268" branch="false" />
              </lines>
            </method>
            <method name="get_PropertyGetters" signature="()" line-rate="1" branch-rate="1" complexity="1">
              <lines>
                <line number="36" hits="268" branch="false" />
                <line number="37" hits="268" branch="false" />
                <line number="38" hits="268" branch="false" />
                <line number="39" hits="2144" branch="false" />
                <line number="40" hits="268" branch="false" />
              </lines>
            </method>
            <method name="Enrich" signature="(Serilog.LoggerConfiguration)" line-rate="1" branch-rate="1" complexity="2">
              <lines>
                <line number="43" hits="268" branch="false" />
                <line number="44" hits="4020" branch="true" condition-coverage="100% (2/2)" />
                <line number="45" hits="1072" branch="false" />
                <line number="46" hits="1072" branch="false" />
                <line number="47" hits="1072" branch="false" />
                <line number="48" hits="268" branch="false" />
              </lines>
            </method>
            <method name=".ctor" signature="(BaseTestSetup.AppDataRecord)" line-rate="0" branch-rate="1" complexity="1">
              <lines>
                <line number="8" hits="0" branch="false" />
              </lines>
            </method>
          </methods>
          <lines>
            <line number="8" hits="0" branch="false" />
            <line number="10" hits="804" branch="false" />
            <line number="11" hits="804" branch="false" />
            <line number="12" hits="804" branch="false" />
            <line number="13" hits="804" branch="false" />
            <line number="16" hits="268" branch="false" />
            <line number="17" hits="268" branch="false" />
            <line number="18" hits="268" branch="false" />
            <line number="19" hits="268" branch="false" />
            <line number="20" hits="268" branch="false" />
            <line number="21" hits="268" branch="false" />
            <line number="22" hits="268" branch="false" />
            <line number="23" hits="268" branch="false" />
            <line number="24" hits="268" branch="false" />
            <line number="26" hits="1876" branch="false" />
            <line number="27" hits="2948" branch="true" condition-coverage="100% (2/2)" />
            <line number="28" hits="1072" branch="false" />
            <line number="29" hits="1072" branch="false" />
            <line number="30" hits="1072" branch="false" />
            <line number="32" hits="268" branch="false" />
            <line number="33" hits="268" branch="false" />
            <line number="36" hits="268" branch="false" />
            <line number="37" hits="268" branch="false" />
            <line number="38" hits="268" branch="false" />
            <line number="39" hits="2144" branch="false" />
            <line number="40" hits="268" branch="false" />
            <line number="43" hits="268" branch="false" />
            <line number="44" hits="4020" branch="true" condition-coverage="100% (2/2)" />
            <line number="45" hits="1072" branch="false" />
            <line number="46" hits="1072" branch="false" />
            <line number="47" hits="1072" branch="false" />
            <line number="48" hits="268" branch="false" />
          </lines>
        </class>
        <class name="BaseTestSetup.BaseConfigTest" filename="C:\Users\PCS\Documents\repos\CoursePlanner\BaseTestSetup\BaseTestConfig.cs" line-rate="0.9117647058823529" branch-rate="0.5" complexity="17">
          <methods>
            <method name="get_Provider" signature="()" line-rate="1" branch-rate="1" complexity="1">
              <lines>
                <line number="50" hits="2000" branch="false" />
              </lines>
            </method>
            <method name="CreateLogContext" signature="(System.Collections.Generic.Dictionary`2&lt;System.String,System.Object&gt;)" line-rate="1" branch-rate="1" complexity="1">
              <lines>
                <line number="55" hits="286" branch="false" />
                <line number="56" hits="2288" branch="false" />
                <line number="57" hits="286" branch="false" />
                <line number="58" hits="286" branch="false" />
                <line number="60" hits="286" branch="false" />
                <line number="61" hits="286" branch="false" />
              </lines>
            </method>
            <method name="Setup" signature="()" line-rate="1" branch-rate="1" complexity="1">
              <lines>
                <line number="65" hits="268" branch="false" />
                <line number="66" hits="268" branch="false" />
                <line number="67" hits="268" branch="false" />
                <line number="68" hits="268" branch="false" />
              </lines>
            </method>
            <method name="CreateServicesContainer" signature="()" line-rate="1" branch-rate="0.5" complexity="4">
              <lines>
                <line number="71" hits="268" branch="false" />
                <line number="72" hits="268" branch="false" />
                <line number="74" hits="268" branch="false" />
                <line number="75" hits="268" branch="false" />
                <line number="76" hits="214" branch="false" />
                <line number="77" hits="214" branch="false" />
                <line number="78" hits="214" branch="false" />
                <line number="79" hits="2" branch="false" />
                <line number="80" hits="2" branch="false" />
                <line number="81" hits="2" branch="false" />
                <line number="82" hits="2" branch="false" />
                <line number="83" hits="2" branch="false" />
                <line number="84" hits="2" branch="false" />
                <line number="85" hits="214" branch="false" />
                <line number="86" hits="214" branch="false" />
                <line number="87" hits="214" branch="false" />
                <line number="88" hits="214" branch="false" />
                <line number="89" hits="216" branch="false" />
                <line number="90" hits="216" branch="true" condition-coverage="100% (2/2)" />
                <line number="91" hits="216" branch="false" />
                <line number="92" hits="2" branch="true" condition-coverage="100% (2/2)" />
                <line number="93" hits="2" branch="false" />
                <line number="94" hits="2" branch="true" condition-coverage="0% (0/2)" />
                <line number="95" hits="4" branch="false" />
                <line number="96" hits="214" branch="true" condition-coverage="0% (0/2)" />
                <line number="97" hits="216" branch="false" />
                <line number="98" hits="214" branch="false" />
                <line number="99" hits="214" branch="false" />
                <line number="100" hits="216" branch="false" />
                <line number="101" hits="216" branch="false" />
                <line number="102" hits="214" branch="false" />
                <line number="103" hits="214" branch="false" />
                <line number="104" hits="214" branch="false" />
                <line number="105" hits="268" branch="false" />
                <line number="106" hits="268" branch="false" />
                <line number="107" hits="268" branch="false" />
                <line number="108" hits="268" branch="false" />
                <line number="109" hits="268" branch="false" />
                <line number="110" hits="268" branch="false" />
                <line number="111" hits="268" branch="false" />
                <line number="112" hits="268" branch="false" />
                <line number="113" hits="268" branch="false" />
              </lines>
            </method>
            <method name="CreateProvider" signature="()" line-rate="1" branch-rate="1" complexity="1">
              <lines>
                <line number="117" hits="78" branch="false" />
                <line number="118" hits="78" branch="false" />
                <line number="119" hits="78" branch="false" />
              </lines>
            </method>
            <method name="TearDown" signature="()" line-rate="1" branch-rate="1" complexity="1">
              <lines>
                <line number="122" hits="268" branch="false" />
                <line number="123" hits="268" branch="false" />
                <line number="124" hits="268" branch="false" />
              </lines>
            </method>
            <method name="ResolveResiliencePipeline" signature="(System.String)" line-rate="1" branch-rate="1" complexity="1">
              <lines>
                <line number="127" hits="214" branch="false" />
              </lines>
            </method>
            <method name="Resolve" signature="()" line-rate="1" branch-rate="1" complexity="1">
              <lines>
                <line number="129" hits="586" branch="false" />
              </lines>
            </method>
            <method name="GetDb" signature="()" line-rate="1" branch-rate="1" complexity="1">
              <lines>
                <line number="131" hits="244" branch="false" />
              </lines>
            </method>
            <method name="CreateProvider" signature="()" line-rate="0.6666666666666666" branch-rate="1" complexity="1">
              <lines>
                <line number="121" hits="0" branch="false" />
                <line number="122" hits="268" branch="false" />
                <line number="123" hits="268" branch="false" />
              </lines>
            </method>
            <method name="TearDown" signature="()" line-rate="0.3333333333333333" branch-rate="1" complexity="1">
              <lines>
                <line number="126" hits="0" branch="false" />
                <line number="127" hits="214" branch="false" />
                <line number="128" hits="0" branch="false" />
              </lines>
            </method>
            <method name="ResolveResiliencePipeline" signature="(System.String)" line-rate="1" branch-rate="1" complexity="1">
              <lines>
                <line number="131" hits="244" branch="false" />
              </lines>
            </method>
            <method name="Resolve" signature="()" line-rate="1" branch-rate="1" complexity="1">
              <lines />
            </method>
            <method name="GetDb" signature="()" line-rate="1" branch-rate="1" complexity="1">
              <lines />
            </method>
          </methods>
          <lines>
            <line number="50" hits="2000" branch="false" />
            <line number="55" hits="286" branch="false" />
            <line number="56" hits="2288" branch="false" />
            <line number="57" hits="286" branch="false" />
            <line number="58" hits="286" branch="false" />
            <line number="60" hits="286" branch="false" />
            <line number="61" hits="286" branch="false" />
            <line number="65" hits="268" branch="false" />
            <line number="66" hits="268" branch="false" />
            <line number="67" hits="268" branch="false" />
            <line number="68" hits="268" branch="false" />
            <line number="71" hits="268" branch="false" />
            <line number="72" hits="268" branch="false" />
            <line number="74" hits="268" branch="false" />
            <line number="75" hits="268" branch="false" />
            <line number="76" hits="214" branch="false" />
            <line number="77" hits="214" branch="false" />
            <line number="78" hits="214" branch="false" />
            <line number="79" hits="2" branch="false" />
            <line number="80" hits="2" branch="false" />
            <line number="81" hits="2" branch="false" />
            <line number="82" hits="2" branch="false" />
            <line number="83" hits="2" branch="false" />
            <line number="84" hits="2" branch="false" />
            <line number="85" hits="214" branch="false" />
            <line number="86" hits="214" branch="false" />
            <line number="87" hits="214" branch="false" />
            <line number="88" hits="214" branch="false" />
            <line number="89" hits="216" branch="false" />
            <line number="90" hits="216" branch="true" condition-coverage="100% (2/2)" />
            <line number="91" hits="216" branch="false" />
            <line number="92" hits="2" branch="true" condition-coverage="100% (2/2)" />
            <line number="93" hits="2" branch="false" />
            <line number="94" hits="2" branch="true" condition-coverage="0% (0/2)" />
            <line number="95" hits="4" branch="false" />
            <line number="96" hits="214" branch="true" condition-coverage="0% (0/2)" />
            <line number="97" hits="216" branch="false" />
            <line number="98" hits="214" branch="false" />
            <line number="99" hits="214" branch="false" />
            <line number="100" hits="216" branch="false" />
            <line number="101" hits="216" branch="false" />
            <line number="102" hits="214" branch="false" />
            <line number="103" hits="214" branch="false" />
            <line number="104" hits="214" branch="false" />
            <line number="105" hits="268" branch="false" />
            <line number="106" hits="268" branch="false" />
            <line number="107" hits="268" branch="false" />
            <line number="108" hits="268" branch="false" />
            <line number="109" hits="268" branch="false" />
            <line number="110" hits="268" branch="false" />
            <line number="111" hits="268" branch="false" />
            <line number="112" hits="268" branch="false" />
            <line number="113" hits="268" branch="false" />
            <line number="114" hits="0" branch="false" />
            <line number="115" hits="0" branch="false" />
            <line number="116" hits="0" branch="false" />
            <line number="117" hits="78" branch="false" />
            <line number="118" hits="78" branch="false" />
            <line number="119" hits="78" branch="false" />
            <line number="121" hits="0" branch="false" />
            <line number="122" hits="268" branch="false" />
            <line number="123" hits="268" branch="false" />
            <line number="124" hits="268" branch="false" />
            <line number="126" hits="0" branch="false" />
            <line number="127" hits="214" branch="false" />
            <line number="128" hits="0" branch="false" />
            <line number="129" hits="586" branch="false" />
            <line number="131" hits="244" branch="false" />
          </lines>
        </class>
        <class name="BaseTestSetup.BaseTestConfig" filename="C:\Users\PCS\Documents\repos\CoursePlanner\BaseTestSetup\BaseTestConfig.cs" line-rate="1" branch-rate="1" complexity="5">
          <methods>
            <method name="AddLogger" signature="(Microsoft.Extensions.DependencyInjection.IServiceCollection)" line-rate="1" branch-rate="1" complexity="1">
              <lines>
                <line number="24" hits="268" branch="false" />
                <line number="25" hits="268" branch="false" />
                <line number="26" hits="268" branch="false" />
              </lines>
            </method>
            <method name="AddTestDatabase" signature="(Microsoft.Extensions.DependencyInjection.IServiceCollection,System.String)" line-rate="1" branch-rate="1" complexity="2">
              <lines>
                <line number="29" hits="268" branch="false" />
                <line number="30" hits="268" branch="true" condition-coverage="100% (2/2)" />
                <line number="31" hits="492" branch="false" />
                <line number="32" hits="492" branch="false" />
                <line number="33" hits="268" branch="false" />
                <line number="34" hits="268" branch="false" />
                <line number="35" hits="268" branch="false" />
              </lines>
            </method>
            <method name="AddTestServices" signature="(Microsoft.Extensions.DependencyInjection.IServiceCollection)" line-rate="1" branch-rate="1" complexity="1">
              <lines>
                <line number="38" hits="268" branch="false" />
                <line number="39" hits="268" branch="false" />
                <line number="40" hits="268" branch="false" />
              </lines>
            </method>
            <method name="GlobalTearDown" signature="()" line-rate="1" branch-rate="1" complexity="1">
              <lines>
                <line number="43" hits="20" branch="false" />
                <line number="44" hits="20" branch="false" />
                <line number="45" hits="20" branch="false" />
              </lines>
            </method>
          </methods>
          <lines>
            <line number="24" hits="268" branch="false" />
            <line number="25" hits="268" branch="false" />
            <line number="26" hits="268" branch="false" />
            <line number="29" hits="268" branch="false" />
            <line number="30" hits="268" branch="true" condition-coverage="100% (2/2)" />
            <line number="31" hits="492" branch="false" />
            <line number="32" hits="492" branch="false" />
            <line number="33" hits="268" branch="false" />
            <line number="34" hits="268" branch="false" />
            <line number="35" hits="268" branch="false" />
            <line number="38" hits="268" branch="false" />
            <line number="39" hits="268" branch="false" />
            <line number="40" hits="268" branch="false" />
            <line number="43" hits="20" branch="false" />
            <line number="44" hits="20" branch="false" />
            <line number="45" hits="20" branch="false" />
          </lines>
        </class>
        <class name="BaseTestSetup.Lib.FixtureExtensions" filename="C:\Users\PCS\Documents\repos\CoursePlanner\BaseTestSetup\Lib\FixtureExtensions.cs" line-rate="0.8" branch-rate="1" complexity="2">
          <methods>
            <method name="FreezeMock" signature="(AutoFixture.IFixture)" line-rate="1" branch-rate="1" complexity="1">
              <lines>
                <line number="9" hits="288" branch="false" />
                <line number="10" hits="288" branch="false" />
                <line number="11" hits="288" branch="false" />
                <line number="12" hits="288" branch="false" />
              </lines>
            </method>
            <method name="CreateMock" signature="(AutoFixture.IFixture)" line-rate="0" branch-rate="1" complexity="1">
              <lines>
                <line number="14" hits="0" branch="false" />
              </lines>
            </method>
          </methods>
          <lines>
            <line number="9" hits="288" branch="false" />
            <line number="10" hits="288" branch="false" />
            <line number="11" hits="288" branch="false" />
            <line number="12" hits="288" branch="false" />
            <line number="14" hits="0" branch="false" />
          </lines>
        </class>
        <class name="BaseTestSetup.Lib.MockExtensions" filename="C:\Users\PCS\Documents\repos\CoursePlanner\BaseTestSetup\Lib\MockExtensions.cs" line-rate="0.26666666666666666" branch-rate="0.4" complexity="16">
          <methods>
            <method name="GetExpressionConst" signature="(System.Linq.Expressions.Expression`1&lt;System.Func`2&lt;T,System.String&gt;&gt;)" line-rate="0" branch-rate="1" complexity="1">
              <lines>
                <line number="13" hits="0" branch="false" />
                <line number="14" hits="0" branch="false" />
                <line number="16" hits="0" branch="false" />
                <line number="17" hits="0" branch="false" />
                <line number="18" hits="0" branch="false" />
              </lines>
            </method>
            <method name="ShouldCall" signature="(Moq.Mock`1&lt;T&gt;,System.Linq.Expressions.Expression`1&lt;System.Func`2&lt;T,System.String&gt;&gt;)" line-rate="0" branch-rate="1" complexity="1">
              <lines>
                <line number="24" hits="0" branch="false" />
                <line number="25" hits="0" branch="false" />
                <line number="26" hits="0" branch="false" />
                <line number="27" hits="0" branch="false" />
              </lines>
            </method>
            <method name="ShouldCall" signature="(Moq.Mock`1&lt;T&gt;,System.Linq.Expressions.Expression`1&lt;System.Func`2&lt;T,System.String&gt;&gt;,System.Int32)" line-rate="1" branch-rate="1" complexity="1">
              <lines>
                <line number="34" hits="2" branch="false" />
                <line number="35" hits="2" branch="false" />
                <line number="37" hits="2" branch="false" />
                <line number="39" hits="4" branch="false" />
                <line number="40" hits="2" branch="false" />
              </lines>
            </method>
            <method name="ShouldNotCall" signature="(Moq.Mock`1&lt;T&gt;,System.String)" line-rate="0" branch-rate="1" complexity="1">
              <lines>
                <line number="46" hits="0" branch="false" />
                <line number="47" hits="0" branch="false" />
                <line number="48" hits="0" branch="false" />
              </lines>
            </method>
            <method name="ShouldCall" signature="(Moq.Mock`1&lt;T&gt;)" line-rate="1" branch-rate="0.6666666666666666" complexity="6">
              <lines>
                <line number="52" hits="12" branch="false" />
                <line number="53" hits="12" branch="false" />
                <line number="54" hits="24" branch="true" condition-coverage="67% (4/6)" />
                <line number="55" hits="24" branch="false" />
                <line number="56" hits="12" branch="false" />
                <line number="58" hits="12" branch="false" />
                <line number="59" hits="12" branch="false" />
              </lines>
            </method>
            <method name="SetupDefaultArgs" signature="(Moq.Mock`1&lt;T&gt;,System.Linq.Expressions.Expression`1&lt;System.Func`2&lt;T,System.String&gt;&gt;)" line-rate="0" branch-rate="1" complexity="1">
              <lines>
                <line number="66" hits="0" branch="false" />
                <line number="67" hits="0" branch="false" />
                <line number="68" hits="0" branch="false" />
              </lines>
            </method>
            <method name="SetupDefaultArgs" signature="(Moq.Mock`1&lt;T&gt;,System.String)" line-rate="0" branch-rate="0" complexity="4">
              <lines>
                <line number="73" hits="0" branch="false" />
                <line number="74" hits="0" branch="false" />
                <line number="75" hits="0" branch="true" condition-coverage="0% (0/2)" />
                <line number="76" hits="0" branch="false" />
                <line number="78" hits="0" branch="false" />
                <line number="79" hits="0" branch="true" condition-coverage="0% (0/2)" />
                <line number="80" hits="0" branch="false" />
                <line number="81" hits="0" branch="false" />
                <line number="82" hits="0" branch="false" />
                <line number="83" hits="0" branch="false" />
                <line number="84" hits="0" branch="false" />
                <line number="87" hits="0" branch="false" />
                <line number="88" hits="0" branch="false" />
                <line number="89" hits="0" branch="false" />
                <line number="90" hits="0" branch="false" />
                <line number="91" hits="0" branch="false" />
                <line number="92" hits="0" branch="false" />
                <line number="93" hits="0" branch="false" />
              </lines>
            </method>
            <method name="GenerateItIsAny" signature="()" line-rate="0" branch-rate="1" complexity="1">
              <lines>
                <line number="87" hits="0" branch="false" />
                <line number="88" hits="0" branch="false" />
                <line number="89" hits="0" branch="false" />
                <line number="90" hits="0" branch="false" />
                <line number="91" hits="0" branch="false" />
                <line number="92" hits="0" branch="false" />
              </lines>
            </method>
          </methods>
          <lines>
            <line number="13" hits="0" branch="false" />
            <line number="14" hits="0" branch="false" />
            <line number="16" hits="0" branch="false" />
            <line number="17" hits="0" branch="false" />
            <line number="18" hits="0" branch="false" />
            <line number="24" hits="0" branch="false" />
            <line number="25" hits="0" branch="false" />
            <line number="26" hits="0" branch="false" />
            <line number="27" hits="0" branch="false" />
            <line number="34" hits="2" branch="false" />
            <line number="35" hits="2" branch="false" />
            <line number="37" hits="2" branch="false" />
            <line number="39" hits="4" branch="false" />
            <line number="40" hits="2" branch="false" />
            <line number="46" hits="0" branch="false" />
            <line number="47" hits="0" branch="false" />
            <line number="48" hits="0" branch="false" />
            <line number="52" hits="12" branch="false" />
            <line number="53" hits="12" branch="false" />
            <line number="54" hits="24" branch="true" condition-coverage="67% (4/6)" />
            <line number="55" hits="24" branch="false" />
            <line number="56" hits="12" branch="false" />
            <line number="58" hits="12" branch="false" />
            <line number="59" hits="12" branch="false" />
            <line number="66" hits="0" branch="false" />
            <line number="67" hits="0" branch="false" />
            <line number="68" hits="0" branch="false" />
            <line number="73" hits="0" branch="false" />
            <line number="74" hits="0" branch="false" />
            <line number="75" hits="0" branch="true" condition-coverage="0% (0/2)" />
            <line number="76" hits="0" branch="false" />
            <line number="78" hits="0" branch="false" />
            <line number="79" hits="0" branch="true" condition-coverage="0% (0/2)" />
            <line number="80" hits="0" branch="false" />
            <line number="81" hits="0" branch="false" />
            <line number="82" hits="0" branch="false" />
            <line number="83" hits="0" branch="false" />
            <line number="84" hits="0" branch="false" />
            <line number="87" hits="0" branch="false" />
            <line number="88" hits="0" branch="false" />
            <line number="89" hits="0" branch="false" />
            <line number="90" hits="0" branch="false" />
            <line number="91" hits="0" branch="false" />
            <line number="92" hits="0" branch="false" />
            <line number="93" hits="0" branch="false" />
          </lines>
        </class>
        <class name="BaseTestSetup.LogConfigurationTestUseCase" filename="C:\Users\PCS\Documents\repos\CoursePlanner\BaseTestSetup\LogConfigurationTestUseCase.cs" line-rate="0.9605263157894737" branch-rate="0.625" complexity="14">
[...]
            </method>
          </methods>
          <lines>
            <line number="7" hits="40" branch="false" />
            <line number="10" hits="210" branch="false" />
            <line number="11" hits="210" branch="false" />
            <line number="12" hits="210" branch="false" />
            <line number="14" hits="210" branch="false" />
            <line number="15" hits="210" branch="false" />
            <line number="16" hits="210" branch="false" />
            <line number="17" hits="10606" branch="false" />
            <line number="18" hits="210" branch="false" />
            <line number="20" hits="210" branch="false" />
            <line number="22" hits="210" branch="false" />
            <line number="23" hits="210" branch="false" />
            <line number="24" hits="210" branch="false" />
            <line number="25" hits="210" branch="false" />
            <line number="26" hits="210" branch="false" />
            <line number="28" hits="210" branch="false" />
            <line number="30" hits="210" branch="true" condition-coverage="50% (1/2)" />
            <line number="31" hits="210" branch="false" />
            <line number="32" hits="210" branch="false" />
            <line number="34" hits="210" branch="false" />
            <line number="36" hits="210" branch="false" />
            <line number="38" hits="210" branch="false" />
            <line number="39" hits="210" branch="false" />
          </lines>
        </class>
        <class name="ViewModels.Services.NotificationDataStreamFactory.PaginationModel" filename="C:\Users\PCS\Documents\repos\CoursePlanner\ViewModels\Services\NotificationDataStreamFactory\PaginationModel.cs" line-rate="0.9318181818181818" branch-rate="0.5" complexity="20">
          <methods>
            <method name="Create" signature="(System.Int32,System.Int32,System.Int32)" line-rate="0.75" branch-rate="0.5" complexity="4">
              <lines>
                <line number="7" hits="210" branch="false" />
                <line number="9" hits="210" branch="true" condition-coverage="50% (2/4)" />
                <line number="10" hits="0" branch="false" />
                <line number="11" hits="0" branch="false" />
                <line number="12" hits="0" branch="false" />
                <line number="15" hits="210" branch="false" />
                <line number="16" hits="210" branch="false" />
                <line number="17" hits="210" branch="false" />
                <line number="18" hits="210" branch="false" />
                <line number="19" hits="210" branch="false" />
                <line number="20" hits="210" branch="false" />
                <line number="21" hits="210" branch="false" />
              </lines>
            </method>
            <method name="get_Index" signature="()" line-rate="1" branch-rate="1" complexity="1">
              <lines>
                <line number="30" hits="948" branch="false" />
              </lines>
            </method>
            <method name="set_Index" signature="(System.Int32)" line-rate="1" branch-rate="1" complexity="1">
              <lines>
                <line number="31" hits="210" branch="false" />
              </lines>
            </method>
            <method name="get_Count" signature="()" line-rate="1" branch-rate="1" complexity="1">
              <lines>
                <line number="38" hits="510" branch="false" />
              </lines>
            </method>
            <method name="set_Count" signature="(System.Int32)" line-rate="1" branch-rate="1" complexity="1">
              <lines>
                <line number="39" hits="210" branch="false" />
              </lines>
            </method>
            <method name="get_PageSize" signature="()" line-rate="1" branch-rate="1" complexity="1">
              <lines>
                <line number="46" hits="1002" branch="false" />
              </lines>
            </method>
            <method name="set_PageSize" signature="(System.Int32)" line-rate="1" branch-rate="1" complexity="1">
              <lines>
                <line number="47" hits="210" branch="false" />
              </lines>
            </method>
            <method name="get_CurrentPage" signature="()" line-rate="1" branch-rate="1" complexity="1">
              <lines>
                <line number="50" hits="228" branch="false" />
              </lines>
            </method>
            <method name="get_PageCount" signature="()" line-rate="1" branch-rate="1" complexity="1">
              <lines>
                <line number="54" hits="492" branch="false" />
                <line number="55" hits="492" branch="false" />
                <line number="56" hits="492" branch="false" />
                <line number="57" hits="492" branch="false" />
              </lines>
            </method>
            <method name="get_LastPageIndex" signature="()" line-rate="1" branch-rate="1" complexity="1">
              <lines>
                <line number="60" hits="264" branch="false" />
              </lines>
            </method>
            <method name="get_IsFirstPage" signature="()" line-rate="1" branch-rate="1" complexity="1">
              <lines>
                <line number="61" hits="18" branch="false" />
              </lines>
            </method>
            <method name="get_IsLastPage" signature="()" line-rate="1" branch-rate="1" complexity="1">
              <lines>
                <line number="62" hits="18" branch="false" />
              </lines>
            </method>
            <method name="get_HasNext" signature="()" line-rate="1" branch-rate="1" complexity="1">
              <lines>
                <line number="63" hits="228" branch="false" />
              </lines>
            </method>
            <method name="get_HasPrevious" signature="()" line-rate="1" branch-rate="1" complexity="1">
              <lines>
                <line number="64" hits="228" branch="false" />
              </lines>
            </method>
            <method name="ToString" signature="()" line-rate="1" branch-rate="0.5" complexity="2">
              <lines>
                <line number="67" hits="18" branch="false" />
                <line number="68" hits="18" branch="true" condition-coverage="50% (1/2)" />
                <line number="69" hits="18" branch="false" />
                <line number="70" hits="18" branch="false" />
                <line number="71" hits="18" branch="false" />
                <line number="72" hits="18" branch="false" />
                <line number="73" hits="18" branch="false" />
                <line number="74" hits="18" branch="false" />
                <line number="75" hits="18" branch="false" />
                <line number="76" hits="18" branch="false" />
                <line number="77" hits="18" branch="false" />
                <line number="78" hits="18" branch="false" />
                <line number="79" hits="18" branch="false" />
                <line number="80" hits="18" branch="false" />
                <line number="81" hits="18" branch="false" />
              </lines>
            </method>
            <method name=".ctor" signature="()" line-rate="1" branch-rate="1" complexity="1">
              <lines>
                <line number="23" hits="630" branch="false" />
              </lines>
            </method>
          </methods>
          <lines>
            <line number="7" hits="210" branch="false" />
            <line number="9" hits="210" branch="true" condition-coverage="50% (2/4)" />
            <line number="10" hits="0" branch="false" />
            <line number="11" hits="0" branch="false" />
            <line number="12" hits="0" branch="false" />
            <line number="15" hits="210" branch="false" />
            <line number="16" hits="210" branch="false" />
            <line number="17" hits="210" branch="false" />
            <line number="18" hits="210" branch="false" />
            <line number="19" hits="210" branch="false" />
            <line number="20" hits="210" branch="false" />
            <line number="21" hits="210" branch="false" />
            <line number="23" hits="630" branch="false" />
            <line number="30" hits="948" branch="false" />
            <line number="31" hits="210" branch="false" />
            <line number="38" hits="510" branch="false" />
            <line number="39" hits="210" branch="false" />
            <line number="46" hits="1002" branch="false" />
            <line number="47" hits="210" branch="false" />
            <line number="50" hits="228" branch="false" />
            <line number="54" hits="492" branch="false" />
            <line number="55" hits="492" branch="false" />
            <line number="56" hits="492" branch="false" />
            <line number="57" hits="492" branch="false" />
            <line number="60" hits="264" branch="false" />
            <line number="61" hits="18" branch="false" />
            <line number="62" hits="18" branch="false" />
            <line number="63" hits="228" branch="false" />
            <line number="64" hits="228" branch="false" />
            <line number="67" hits="18" branch="false" />
            <line number="68" hits="18" branch="true" condition-coverage="50% (1/2)" />
            <line number="69" hits="18" branch="false" />
            <line number="70" hits="18" branch="false" />
            <line number="71" hits="18" branch="false" />
            <line number="72" hits="18" branch="false" />
            <line number="73" hits="18" branch="false" />
            <line number="74" hits="18" branch="false" />
            <line number="75" hits="18" branch="false" />
            <line number="76" hits="18" branch="false" />
            <line number="77" hits="18" branch="false" />
            <line number="78" hits="18" branch="false" />
            <line number="79" hits="18" branch="false" />
            <line number="80" hits="18" branch="false" />
            <line number="81" hits="18" branch="false" />
          </lines>
        </class>
        <class name="ViewModels.Services.NotificationDataStreamFactory.ReactivePropertyExtensions" filename="C:\Users\PCS\Documents\repos\CoursePlanner\ViewModels\Services\NotificationDataStreamFactory\InputSourceFactory.cs" line-rate="0" branch-rate="1" complexity="1">
          <methods>
            <method name="ToReactiveProperty" signature="(T)" line-rate="0" branch-rate="1" complexity="1">
              <lines>
                <line number="24" hits="0" branch="false" />
              </lines>
            </method>
          </methods>
          <lines>
            <line number="24" hits="0" branch="false" />
          </lines>
        </class>
        <class name="ViewModels.Services.SessionService" filename="C:\Users\PCS\Documents\repos\CoursePlanner\ViewModels\Services\SessionService.cs" line-rate="0.6730769230769231" branch-rate="0.4" complexity="14">
          <methods>
            <method name="get_User" signature="()" line-rate="1" branch-rate="1" complexity="1">
              <lines>
                <line number="29" hits="4" branch="false" />
              </lines>
            </method>
            <method name="set_User" signature="(Lib.Models.User)" line-rate="1" branch-rate="1" complexity="1">
              <lines>
                <line number="31" hits="10" branch="false" />
                <line number="32" hits="10" branch="false" />
                <line number="33" hits="10" branch="false" />
                <line number="34" hits="10" branch="false" />
              </lines>
            </method>
            <method name="get_IsLoggedIn" signature="()" line-rate="1" branch-rate="1" complexity="1">
              <lines>
                <line number="37" hits="4" branch="false" />
              </lines>
            </method>
            <method name="GetOrThrowUser" signature="()" line-rate="0" branch-rate="0" complexity="2">
              <lines>
                <line number="40" hits="0" branch="false" />
                <line number="41" hits="0" branch="true" condition-coverage="0% (0/2)" />
                <line number="42" hits="0" branch="false" />
                <line number="43" hits="0" branch="false" />
                <line number="46" hits="0" branch="false" />
                <line number="47" hits="0" branch="false" />
              </lines>
            </method>
            <method name=".ctor" signature="(Lib.Services.IAccountService,Microsoft.Extensions.Logging.ILogger`1&lt;ViewModels.Services.ISessionService&gt;)" line-rate="1" branch-rate="1" complexity="1">
              <lines>
                <line number="23" hits="10" branch="false" />
              </lines>
            </method>
            <method name="GetUserSettingsAsync" signature="()" line-rate="0" branch-rate="0" complexity="2">
              <lines>
                <line number="90" hits="0" branch="false" />
                <line number="91" hits="0" branch="true" condition-coverage="0% (0/2)" />
                <line number="92" hits="0" branch="false" />
                <line number="93" hits="0" branch="false" />
                <line number="96" hits="0" branch="false" />
                <line number="98" hits="0" branch="false" />
              </lines>
            </method>
            <method name="LoginAsync" signature="()" line-rate="1" branch-rate="1" complexity="2">
              <lines>
                <line number="50" hits="6" branch="false" />
                <line number="51" hits="6" branch="false" />
                <line number="52" hits="6" branch="false" />
                <line number="55" hits="6" branch="true" condition-coverage="100% (2/2)" />
                <line number="56" hits="4" branch="false" />
                <line number="57" hits="4" branch="false" />
                <line number="58" hits="4" branch="false" />
                <line number="59" hits="4" branch="false" />
                <line number="61" hits="2" branch="false" />
                <line number="62" hits="2" branch="false" />
                <line number="63" hits="2" branch="false" />
                <line number="64" hits="2" branch="false" />
                <line number="66" hits="6" branch="false" />
                <line number="67" hits="6" branch="false" />
              </lines>
            </method>
            <method name="LogoutAsync" signature="()" line-rate="0" branch-rate="0" complexity="2">
              <lines>
                <line number="102" hits="0" branch="false" />
                <line number="103" hits="0" branch="true" condition-coverage="0% (0/2)" />
                <line number="104" hits="0" branch="false" />
                <line number="105" hits="0" branch="false" />
                <line number="106" hits="0" branch="false" />
              </lines>
            </method>
            <method name="RegisterAsync" signature="()" line-rate="1" branch-rate="1" complexity="2">
              <lines>
                <line number="70" hits="4" branch="false" />
                <line number="71" hits="4" branch="false" />
                <line number="72" hits="4" branch="false" />
                <line number="74" hits="4" branch="true" condition-coverage="100% (2/2)" />
                <line number="75" hits="2" branch="false" />
                <line number="76" hits="2" branch="false" />
                <line number="77" hits="2" branch="false" />
                <line number="78" hits="2" branch="false" />
                <line number="80" hits="2" branch="false" />
                <line number="81" hits="2" branch="false" />
                <line number="82" hits="2" branch="false" />
                <line number="83" hits="2" branch="false" />
                <line number="86" hits="4" branch="false" />
                <line number="87" hits="4" branch="false" />
              </lines>
            </method>
          </methods>
          <lines>
            <line number="23" hits="10" branch="false" />
            <line number="29" hits="4" branch="false" />
            <line number="31" hits="10" branch="false" />
            <line number="32" hits="10" branch="false" />
            <line number="33" hits="10" branch="false" />
            <line number="34" hits="10" branch="false" />
            <line number="37" hits="4" branch="false" />
            <line number="40" hits="0" branch="false" />
            <line number="41" hits="0" branch="true" condition-coverage="0% (0/2)" />
            <line number="42" hits="0" branch="false" />
            <line number="43" hits="0" branch="false" />
            <line number="46" hits="0" branch="false" />
            <line number="47" hits="0" branch="false" />
            <line number="50" hits="6" branch="false" />
            <line number="51" hits="6" branch="false" />
            <line number="52" hits="6" branch="false" />
            <line number="55" hits="6" branch="true" condition-coverage="100% (2/2)" />
            <line number="56" hits="4" branch="false" />
            <line number="57" hits="4" branch="false" />
            <line number="58" hits="4" branch="false" />
            <line number="59" hits="4" branch="false" />
            <line number="61" hits="2" branch="false" />
            <line number="62" hits="2" branch="false" />
            <line number="63" hits="2" branch="false" />
            <line number="64" hits="2" branch="false" />
            <line number="66" hits="6" branch="false" />
            <line number="67" hits="6" branch="false" />
            <line number="70" hits="4" branch="false" />
            <line number="71" hits="4" branch="false" />
            <line number="72" hits="4" branch="false" />
            <line number="74" hits="4" branch="true" condition-coverage="100% (2/2)" />
            <line number="75" hits="2" branch="false" />
            <line number="76" hits="2" branch="false" />
            <line number="77" hits="2" branch="false" />
            <line number="78" hits="2" branch="false" />
            <line number="80" hits="2" branch="false" />
            <line number="81" hits="2" branch="false" />
            <line number="82" hits="2" branch="false" />
            <line number="83" hits="2" branch="false" />
            <line number="86" hits="4" branch="false" />
            <line number="87" hits="4" branch="false" />
            <line number="90" hits="0" branch="false" />
            <line number="91" hits="0" branch="true" condition-coverage="0% (0/2)" />
            <line number="92" hits="0" branch="false" />
            <line number="93" hits="0" branch="false" />
            <line number="96" hits="0" branch="false" />
            <line number="98" hits="0" branch="false" />
            <line number="102" hits="0" branch="false" />
            <line number="103" hits="0" branch="true" condition-coverage="0% (0/2)" />
            <line number="104" hits="0" branch="false" />
            <line number="105" hits="0" branch="false" />
            <line number="106" hits="0" branch="false" />
          </lines>
        </class>
        <class name="ViewModels.Utils.Util" filename="C:\Users\PCS\Documents\repos\CoursePlanner\ViewModels\Utils\Util.cs" line-rate="0" branch-rate="1" complexity="1">
          <methods>
            <method name="CreateActionCommand" signature="(System.Action`1&lt;T&gt;)" line-rate="0" branch-rate="1" complexity="1">
              <lines>
                <line number="9" hits="0" branch="false" />
                <line number="10" hits="0" branch="false" />
                <line number="11" hits="0" branch="false" />
              </lines>
            </method>
          </methods>
          <lines>
            <line number="9" hits="0" branch="false" />
            <line number="10" hits="0" branch="false" />
            <line number="11" hits="0" branch="false" />
          </lines>
        </class>
      </classes>
    </package>
  </packages>
</coverage>